2021-03-06 22:15:46,084 -- INFO -- Current google-chrome version is 89.0.4389
2021-03-06 22:15:46,084 -- INFO -- Get LATEST driver version for 89.0.4389
2021-03-06 22:15:46,262 -- INFO -- Driver [C:\Users\harri\.wdm\drivers\chromedriver\win32\89.0.4389.23\chromedriver.exe] found in cache
2021-03-06 22:16:20,585 -- ERROR -- Message: element click intercepted: Element <div class="jobsearch-SerpJobCard unifiedRow row result clickcard" id="p_49ad52f61e86d2f8" data-jk="49ad52f61e86d2f8" data-tn-component="organicJob">...</div> is not clickable at point (454, 475). Other element would receive the click: <label class="popover-anywhere popover-small-locationtst">...</label>
  (Session info: chrome=89.0.4389.82)
Traceback (most recent call last):
  File "..\ChromeDriver.py", line 147, in indeedGetJobs
    title.click()
  File "C:\Users\harri\Documents\Programming\Pure_Skills\Python\JobComparison\jobEnv\lib\site-packages\selenium\webdriver\remote\webelement.py", line 80, in click
    self._execute(Command.CLICK_ELEMENT)
  File "C:\Users\harri\Documents\Programming\Pure_Skills\Python\JobComparison\jobEnv\lib\site-packages\selenium\webdriver\remote\webelement.py", line 633, in _execute
    return self._parent.execute(command, params)
  File "C:\Users\harri\Documents\Programming\Pure_Skills\Python\JobComparison\jobEnv\lib\site-packages\selenium\webdriver\remote\webdriver.py", line 321, in execute
    self.error_handler.check_response(response)
  File "C:\Users\harri\Documents\Programming\Pure_Skills\Python\JobComparison\jobEnv\lib\site-packages\selenium\webdriver\remote\errorhandler.py", line 242, in check_response
    raise exception_class(message, screen, stacktrace)
selenium.common.exceptions.ElementClickInterceptedException: Message: element click intercepted: Element <div class="jobsearch-SerpJobCard unifiedRow row result clickcard" id="p_49ad52f61e86d2f8" data-jk="49ad52f61e86d2f8" data-tn-component="organicJob">...</div> is not clickable at point (454, 475). Other element would receive the click: <label class="popover-anywhere popover-small-locationtst">...</label>
  (Session info: chrome=89.0.4389.82)

2021-03-06 22:17:50,359 -- INFO -- Current google-chrome version is 89.0.4389
2021-03-06 22:17:50,360 -- INFO -- Get LATEST driver version for 89.0.4389
2021-03-06 22:17:50,447 -- INFO -- Driver [C:\Users\harri\.wdm\drivers\chromedriver\win32\89.0.4389.23\chromedriver.exe] found in cache
2021-03-06 22:18:15,441 -- ERROR -- Message: element click intercepted: Element <div class="jobsearch-SerpJobCard unifiedRow row result clickcard" id="p_49ad52f61e86d2f8" data-jk="49ad52f61e86d2f8" data-tn-component="organicJob">...</div> is not clickable at point (454, 475). Other element would receive the click: <label class="popover-anywhere popover-small-locationtst">...</label>
  (Session info: chrome=89.0.4389.82)
Traceback (most recent call last):
  File "..\ChromeDriver.py", line 147, in indeedGetJobs
    title.click()
  File "C:\Users\harri\Documents\Programming\Pure_Skills\Python\JobComparison\jobEnv\lib\site-packages\selenium\webdriver\remote\webelement.py", line 80, in click
    self._execute(Command.CLICK_ELEMENT)
  File "C:\Users\harri\Documents\Programming\Pure_Skills\Python\JobComparison\jobEnv\lib\site-packages\selenium\webdriver\remote\webelement.py", line 633, in _execute
    return self._parent.execute(command, params)
  File "C:\Users\harri\Documents\Programming\Pure_Skills\Python\JobComparison\jobEnv\lib\site-packages\selenium\webdriver\remote\webdriver.py", line 321, in execute
    self.error_handler.check_response(response)
  File "C:\Users\harri\Documents\Programming\Pure_Skills\Python\JobComparison\jobEnv\lib\site-packages\selenium\webdriver\remote\errorhandler.py", line 242, in check_response
    raise exception_class(message, screen, stacktrace)
selenium.common.exceptions.ElementClickInterceptedException: Message: element click intercepted: Element <div class="jobsearch-SerpJobCard unifiedRow row result clickcard" id="p_49ad52f61e86d2f8" data-jk="49ad52f61e86d2f8" data-tn-component="organicJob">...</div> is not clickable at point (454, 475). Other element would receive the click: <label class="popover-anywhere popover-small-locationtst">...</label>
  (Session info: chrome=89.0.4389.82)

2021-03-06 22:18:21,910 -- ERROR -- Message: no such element: Unable to locate element: {"method":"css selector","selector":"[id="vjs-content"]"}
  (Session info: chrome=89.0.4389.82)
Traceback (most recent call last):
  File "..\ChromeDriver.py", line 148, in indeedGetJobs
    vjsText = self.driver.find_element_by_id("vjs-content").text
  File "C:\Users\harri\Documents\Programming\Pure_Skills\Python\JobComparison\jobEnv\lib\site-packages\selenium\webdriver\remote\webdriver.py", line 360, in find_element_by_id
    return self.find_element(by=By.ID, value=id_)
  File "C:\Users\harri\Documents\Programming\Pure_Skills\Python\JobComparison\jobEnv\lib\site-packages\selenium\webdriver\remote\webdriver.py", line 978, in find_element
    'value': value})['value']
  File "C:\Users\harri\Documents\Programming\Pure_Skills\Python\JobComparison\jobEnv\lib\site-packages\selenium\webdriver\remote\webdriver.py", line 321, in execute
    self.error_handler.check_response(response)
  File "C:\Users\harri\Documents\Programming\Pure_Skills\Python\JobComparison\jobEnv\lib\site-packages\selenium\webdriver\remote\errorhandler.py", line 242, in check_response
    raise exception_class(message, screen, stacktrace)
selenium.common.exceptions.NoSuchElementException: Message: no such element: Unable to locate element: {"method":"css selector","selector":"[id="vjs-content"]"}
  (Session info: chrome=89.0.4389.82)

2021-03-06 22:18:33,425 -- ERROR -- Message: no such element: Unable to locate element: {"method":"css selector","selector":"[id="vjs-content"]"}
  (Session info: chrome=89.0.4389.82)
Traceback (most recent call last):
  File "..\ChromeDriver.py", line 148, in indeedGetJobs
    vjsText = self.driver.find_element_by_id("vjs-content").text
  File "C:\Users\harri\Documents\Programming\Pure_Skills\Python\JobComparison\jobEnv\lib\site-packages\selenium\webdriver\remote\webdriver.py", line 360, in find_element_by_id
    return self.find_element(by=By.ID, value=id_)
  File "C:\Users\harri\Documents\Programming\Pure_Skills\Python\JobComparison\jobEnv\lib\site-packages\selenium\webdriver\remote\webdriver.py", line 978, in find_element
    'value': value})['value']
  File "C:\Users\harri\Documents\Programming\Pure_Skills\Python\JobComparison\jobEnv\lib\site-packages\selenium\webdriver\remote\webdriver.py", line 321, in execute
    self.error_handler.check_response(response)
  File "C:\Users\harri\Documents\Programming\Pure_Skills\Python\JobComparison\jobEnv\lib\site-packages\selenium\webdriver\remote\errorhandler.py", line 242, in check_response
    raise exception_class(message, screen, stacktrace)
selenium.common.exceptions.NoSuchElementException: Message: no such element: Unable to locate element: {"method":"css selector","selector":"[id="vjs-content"]"}
  (Session info: chrome=89.0.4389.82)

2021-03-06 22:22:02,423 -- INFO -- Current google-chrome version is 89.0.4389
2021-03-06 22:22:02,424 -- INFO -- Get LATEST driver version for 89.0.4389
2021-03-06 22:22:02,823 -- INFO -- Driver [C:\Users\harri\.wdm\drivers\chromedriver\win32\89.0.4389.23\chromedriver.exe] found in cache
2021-03-06 22:22:31,469 -- INFO -- Current google-chrome version is 89.0.4389
2021-03-06 22:22:31,469 -- INFO -- Get LATEST driver version for 89.0.4389
2021-03-06 22:22:31,559 -- INFO -- Driver [C:\Users\harri\.wdm\drivers\chromedriver\win32\89.0.4389.23\chromedriver.exe] found in cache
2021-03-06 22:23:34,193 -- INFO -- Current google-chrome version is 89.0.4389
2021-03-06 22:23:34,193 -- INFO -- Get LATEST driver version for 89.0.4389
2021-03-06 22:23:34,279 -- INFO -- Driver [C:\Users\harri\.wdm\drivers\chromedriver\win32\89.0.4389.23\chromedriver.exe] found in cache
2021-03-06 22:24:21,035 -- INFO -- Current google-chrome version is 89.0.4389
2021-03-06 22:24:21,036 -- INFO -- Get LATEST driver version for 89.0.4389
2021-03-06 22:24:21,120 -- INFO -- Driver [C:\Users\harri\.wdm\drivers\chromedriver\win32\89.0.4389.23\chromedriver.exe] found in cache
2021-03-06 22:24:54,101 -- ERROR -- Message: element click intercepted: Element <div class="jobsearch-SerpJobCard unifiedRow row result clickcard" id="pj_6f4f5a9fe39a2d17" data-jk="6f4f5a9fe39a2d17" data-empn="6414874294560291" data-ci="364981538">...</div> is not clickable at point (454, 482). Other element would receive the click: <label class="popover-anywhere popover-small-locationtst">...</label>
  (Session info: chrome=89.0.4389.82)
Traceback (most recent call last):
  File "..\ChromeDriver.py", line 148, in indeedGetJobs
    title.click()
  File "C:\Users\harri\Documents\Programming\Pure_Skills\Python\JobComparison\jobEnv\lib\site-packages\selenium\webdriver\remote\webelement.py", line 80, in click
    self._execute(Command.CLICK_ELEMENT)
  File "C:\Users\harri\Documents\Programming\Pure_Skills\Python\JobComparison\jobEnv\lib\site-packages\selenium\webdriver\remote\webelement.py", line 633, in _execute
    return self._parent.execute(command, params)
  File "C:\Users\harri\Documents\Programming\Pure_Skills\Python\JobComparison\jobEnv\lib\site-packages\selenium\webdriver\remote\webdriver.py", line 321, in execute
    self.error_handler.check_response(response)
  File "C:\Users\harri\Documents\Programming\Pure_Skills\Python\JobComparison\jobEnv\lib\site-packages\selenium\webdriver\remote\errorhandler.py", line 242, in check_response
    raise exception_class(message, screen, stacktrace)
selenium.common.exceptions.ElementClickInterceptedException: Message: element click intercepted: Element <div class="jobsearch-SerpJobCard unifiedRow row result clickcard" id="pj_6f4f5a9fe39a2d17" data-jk="6f4f5a9fe39a2d17" data-empn="6414874294560291" data-ci="364981538">...</div> is not clickable at point (454, 482). Other element would receive the click: <label class="popover-anywhere popover-small-locationtst">...</label>
  (Session info: chrome=89.0.4389.82)

